<?xml version="1.0" encoding="UTF-8"?>
<!-- Generated by org.testng.reporters.JUnitXMLReporter -->
<testsuite ignored="2" hostname="DESKTOP-OH2L0KI" failures="0" tests="2" name="Test" time="25.996" errors="0" timestamp="2024-06-25T10:48:42 IST">
  <testcase classname="demo.Securitycockpittext" name="Security" time="15.753"/>
  <testcase classname="demo.login" name="LoginPage" time="6.655"/>
  <testcase classname="GenericUtils.BaseClass" name="@AfterSuite closeDB" time="0.0">
    <ignored/>
  </testcase> <!-- @AfterSuite closeDB -->
  <testcase classname="GenericUtils.BaseClass" name="@BeforeSuite bSuite" time="0.0">
    <ignored/>
  </testcase> <!-- @BeforeSuite bSuite -->
</testsuite> <!-- Test -->
