<?xml version="1.0" encoding="UTF-8"?>
<testng-results ignored="0" total="2" passed="2" failed="0" skipped="0">
  <reporter-output>
  </reporter-output>
  <suite started-at="2024-06-25T10:48:16 IST" name="Suite" finished-at="2024-06-25T10:48:42 IST" duration-ms="25996">
    <groups>
    </groups>
    <test started-at="2024-06-25T10:48:16 IST" name="Test" finished-at="2024-06-25T10:48:42 IST" duration-ms="25996">
      <class name="demo.Securitycockpittext">
        <test-method is-config="true" signature="bSuite()[pri:0, instance:demo.Securitycockpittext@15043a2f]" started-at="2024-06-25T10:48:16 IST" name="bSuite" finished-at="2024-06-25T10:48:16 IST" duration-ms="12" status="PASS">
          <reporter-output>
          </reporter-output>
        </test-method> <!-- bSuite -->
        <test-method is-config="true" signature="launchBrowser()[pri:0, instance:demo.Securitycockpittext@15043a2f]" started-at="2024-06-25T10:48:16 IST" name="launchBrowser" finished-at="2024-06-25T10:48:18 IST" duration-ms="2066" status="PASS">
          <reporter-output>
          </reporter-output>
        </test-method> <!-- launchBrowser -->
        <test-method is-config="true" signature="loginToApp()[pri:0, instance:demo.Securitycockpittext@15043a2f]" started-at="2024-06-25T10:48:18 IST" name="loginToApp" finished-at="2024-06-25T10:48:18 IST" duration-ms="0" status="PASS">
          <reporter-output>
          </reporter-output>
        </test-method> <!-- loginToApp -->
        <test-method signature="Security()[pri:0, instance:demo.Securitycockpittext@15043a2f]" started-at="2024-06-25T10:48:18 IST" name="Security" finished-at="2024-06-25T10:48:34 IST" duration-ms="15753" status="PASS">
          <reporter-output>
          </reporter-output>
        </test-method> <!-- Security -->
        <test-method is-config="true" signature="logoutApp()[pri:0, instance:demo.Securitycockpittext@15043a2f]" started-at="2024-06-25T10:48:34 IST" name="logoutApp" finished-at="2024-06-25T10:48:34 IST" duration-ms="1" status="PASS">
          <reporter-output>
          </reporter-output>
        </test-method> <!-- logoutApp -->
        <test-method is-config="true" signature="closeBrowser()[pri:0, instance:demo.Securitycockpittext@15043a2f]" started-at="2024-06-25T10:48:34 IST" name="closeBrowser" finished-at="2024-06-25T10:48:34 IST" duration-ms="1" status="PASS">
          <reporter-output>
          </reporter-output>
        </test-method> <!-- closeBrowser -->
        <test-method is-config="true" signature="closeDB()[pri:0, instance:demo.Securitycockpittext@15043a2f]" started-at="2024-06-25T10:48:42 IST" name="closeDB" finished-at="2024-06-25T10:48:42 IST" duration-ms="1" status="PASS">
          <reporter-output>
          </reporter-output>
        </test-method> <!-- closeDB -->
      </class> <!-- demo.Securitycockpittext -->
      <class name="demo.login">
        <test-method is-config="true" signature="launchBrowser()[pri:0, instance:demo.login@d737b89]" started-at="2024-06-25T10:48:34 IST" name="launchBrowser" finished-at="2024-06-25T10:48:35 IST" duration-ms="1271" status="PASS">
          <reporter-output>
          </reporter-output>
        </test-method> <!-- launchBrowser -->
        <test-method is-config="true" signature="loginToApp()[pri:0, instance:demo.login@d737b89]" started-at="2024-06-25T10:48:35 IST" name="loginToApp" finished-at="2024-06-25T10:48:35 IST" duration-ms="1" status="PASS">
          <reporter-output>
          </reporter-output>
        </test-method> <!-- loginToApp -->
        <test-method signature="LoginPage()[pri:0, instance:demo.login@d737b89]" started-at="2024-06-25T10:48:35 IST" name="LoginPage" finished-at="2024-06-25T10:48:42 IST" duration-ms="6655" status="PASS">
          <reporter-output>
          </reporter-output>
        </test-method> <!-- LoginPage -->
        <test-method is-config="true" signature="logoutApp()[pri:0, instance:demo.login@d737b89]" started-at="2024-06-25T10:48:42 IST" name="logoutApp" finished-at="2024-06-25T10:48:42 IST" duration-ms="1" status="PASS">
          <reporter-output>
          </reporter-output>
        </test-method> <!-- logoutApp -->
        <test-method is-config="true" signature="closeBrowser()[pri:0, instance:demo.login@d737b89]" started-at="2024-06-25T10:48:42 IST" name="closeBrowser" finished-at="2024-06-25T10:48:42 IST" duration-ms="0" status="PASS">
          <reporter-output>
          </reporter-output>
        </test-method> <!-- closeBrowser -->
      </class> <!-- demo.login -->
    </test> <!-- Test -->
  </suite> <!-- Suite -->
</testng-results>
