<?xml version="1.0" encoding="UTF-8"?>
<testng-results ignored="0" total="1" passed="1" failed="0" skipped="0">
  <reporter-output>
  </reporter-output>
  <suite started-at="2024-06-24T17:06:59 IST" name="Default suite" finished-at="2024-06-24T17:07:21 IST" duration-ms="21557">
    <groups>
    </groups>
    <test started-at="2024-06-24T17:06:59 IST" name="Default test" finished-at="2024-06-24T17:07:21 IST" duration-ms="21557">
      <class name="demo.Securitycockpittext">
        <test-method is-config="true" signature="bSuite()[pri:0, instance:demo.Securitycockpittext@1349883]" started-at="2024-06-24T17:06:59 IST" name="bSuite" finished-at="2024-06-24T17:06:59 IST" duration-ms="9" status="PASS">
          <reporter-output>
          </reporter-output>
        </test-method> <!-- bSuite -->
        <test-method is-config="true" signature="launchBrowser()[pri:0, instance:demo.Securitycockpittext@1349883]" started-at="2024-06-24T17:06:59 IST" name="launchBrowser" finished-at="2024-06-24T17:07:01 IST" duration-ms="1403" status="PASS">
          <reporter-output>
          </reporter-output>
        </test-method> <!-- launchBrowser -->
        <test-method is-config="true" signature="loginToApp()[pri:0, instance:demo.Securitycockpittext@1349883]" started-at="2024-06-24T17:07:01 IST" name="loginToApp" finished-at="2024-06-24T17:07:01 IST" duration-ms="1" status="PASS">
          <reporter-output>
          </reporter-output>
        </test-method> <!-- loginToApp -->
        <test-method signature="Security()[pri:0, instance:demo.Securitycockpittext@1349883]" started-at="2024-06-24T17:07:01 IST" name="Security" finished-at="2024-06-24T17:07:21 IST" duration-ms="19913" status="PASS">
          <reporter-output>
          </reporter-output>
        </test-method> <!-- Security -->
        <test-method is-config="true" signature="logoutApp()[pri:0, instance:demo.Securitycockpittext@1349883]" started-at="2024-06-24T17:07:21 IST" name="logoutApp" finished-at="2024-06-24T17:07:21 IST" duration-ms="0" status="PASS">
          <reporter-output>
          </reporter-output>
        </test-method> <!-- logoutApp -->
        <test-method is-config="true" signature="closeBrowser()[pri:0, instance:demo.Securitycockpittext@1349883]" started-at="2024-06-24T17:07:21 IST" name="closeBrowser" finished-at="2024-06-24T17:07:21 IST" duration-ms="1" status="PASS">
          <reporter-output>
          </reporter-output>
        </test-method> <!-- closeBrowser -->
        <test-method is-config="true" signature="closeDB()[pri:0, instance:demo.Securitycockpittext@1349883]" started-at="2024-06-24T17:07:21 IST" name="closeDB" finished-at="2024-06-24T17:07:21 IST" duration-ms="0" status="PASS">
          <reporter-output>
          </reporter-output>
        </test-method> <!-- closeDB -->
      </class> <!-- demo.Securitycockpittext -->
    </test> <!-- Default test -->
  </suite> <!-- Default suite -->
</testng-results>
